<?xml version="1.0" encoding="UTF-8"?>
<!-- Generated by org.testng.reporters.JUnitReportReporter -->
<testsuite skipped="0" hostname="US00211037" name="SSCS.E_ProjCert.TestNG.NewTest" tests="1" failures="0" timestamp="12 Jul 2019 15:19:18 GMT" time="7.273" errors="0">
  <testcase name="VerifyAboutUS" time="7.273" classname="SSCS.E_ProjCert.TestNG.NewTest"/>
</testsuite> <!-- SSCS.E_ProjCert.TestNG.NewTest -->
